TN:
SF:bin/egg.js
FNF:0
FNH:0
DA:2,7
DA:4,7
DA:6,7
DA:8,7
DA:10,7
DA:11,7
DA:14,0
LF:7
LH:6
BRDA:10,0,0,7
BRDA:10,0,1,0
BRDA:10,1,0,7
BRDA:10,1,1,7
BRF:4
BRH:3
end_of_record
TN:
SF:src/ast.js
FN:2,(anonymous_0)
FN:9,(anonymous_1)
FN:18,(anonymous_2)
FN:27,(anonymous_3)
FN:37,(anonymous_4)
FN:50,(anonymous_5)
FN:66,(anonymous_6)
FN:77,(anonymous_7)
FN:83,(anonymous_8)
FN:92,(anonymous_9)
FNF:10
FNH:8
FNDA:0,(anonymous_0)
FNDA:24,(anonymous_1)
FNDA:20,(anonymous_2)
FNDA:81,(anonymous_3)
FNDA:32,(anonymous_4)
FNDA:3,(anonymous_5)
FNDA:51,(anonymous_6)
FNDA:48,(anonymous_7)
FNDA:29,(anonymous_8)
FNDA:0,(anonymous_9)
DA:1,8
DA:2,8
DA:3,8
DA:10,24
DA:11,24
DA:19,20
DA:28,81
DA:29,81
DA:38,32
DA:39,32
DA:41,0
DA:52,3
DA:53,6
DA:54,2
DA:58,1
DA:67,51
DA:68,51
DA:69,51
DA:78,48
DA:79,27
DA:82,21
DA:83,29
DA:85,21
DA:86,21
DA:89,0
DA:97,8
LF:26
LH:24
BRDA:11,0,0,1
BRDA:11,0,1,23
BRDA:28,1,0,81
BRDA:28,1,1,0
BRDA:38,2,0,32
BRDA:38,2,1,0
BRDA:53,3,0,2
BRDA:53,3,1,4
BRDA:78,4,0,27
BRDA:78,4,1,21
BRDA:78,5,0,48
BRDA:78,5,1,48
BRDA:85,6,0,21
BRDA:85,6,1,0
BRF:14
BRH:11
end_of_record
TN:
SF:src/egg-interpreter.js
FN:2,(anonymous_0)
FN:17,(anonymous_1)
FN:34,(anonymous_2)
FN:52,(anonymous_3)
FN:55,(anonymous_4)
FN:68,(anonymous_5)
FN:84,(anonymous_6)
FN:89,(anonymous_7)
FN:98,(anonymous_8)
FN:118,(anonymous_9)
FN:147,(anonymous_10)
FN:158,(anonymous_11)
FN:159,(anonymous_12)
FN:173,(anonymous_13)
FN:177,(anonymous_14)
FN:181,(anonymous_15)
FN:206,run
FN:222,runFromFile
FN:243,runFromEVM
FNF:19
FNH:15
FNDA:0,(anonymous_0)
FNDA:1,(anonymous_1)
FNDA:0,(anonymous_2)
FNDA:8,(anonymous_3)
FNDA:24,(anonymous_4)
FNDA:11,(anonymous_5)
FNDA:3,(anonymous_6)
FNDA:1,(anonymous_7)
FNDA:3,(anonymous_8)
FNDA:4,(anonymous_9)
FNDA:96,(anonymous_10)
FNDA:9,(anonymous_11)
FNDA:9,(anonymous_12)
FNDA:3,(anonymous_13)
FNDA:0,(anonymous_14)
FNDA:3,(anonymous_15)
FNDA:1,run
FNDA:7,runFromFile
FNDA:0,runFromEVM
DA:1,8
DA:2,8
DA:3,8
DA:5,8
DA:6,8
DA:8,8
DA:9,8
DA:17,8
DA:18,1
DA:19,0
DA:21,1
DA:22,1
DA:25,0
DA:34,8
DA:35,0
DA:36,0
DA:39,0
DA:40,0
DA:43,0
DA:52,8
DA:53,8
DA:55,8
DA:56,24
DA:59,6
DA:68,8
DA:69,11
DA:70,0
DA:73,11
DA:74,11
DA:75,11
DA:84,8
DA:85,3
DA:86,0
DA:89,3
DA:90,1
DA:91,0
DA:94,1
DA:96,3
DA:98,3
DA:99,3
DA:100,0
DA:103,3
DA:104,3
DA:105,1
DA:108,3
DA:118,8
DA:119,4
DA:120,1
DA:123,3
DA:124,3
DA:126,2
DA:128,2
DA:129,2
DA:133,8
DA:134,8
DA:135,8
DA:136,8
DA:137,8
DA:138,8
DA:139,8
DA:140,8
DA:141,8
DA:142,8
DA:143,8
DA:144,8
DA:146,8
DA:147,8
DA:149,96
DA:158,8
DA:159,9
DA:160,9
DA:161,8
DA:162,0
DA:163,0
DA:165,8
DA:166,8
DA:169,9
DA:170,9
DA:173,8
DA:174,3
DA:177,8
DA:178,0
DA:181,8
DA:182,3
DA:184,3
DA:185,3
DA:186,3
DA:187,3
DA:188,3
DA:190,3
DA:191,0
DA:193,3
DA:196,0
DA:207,1
DA:208,1
DA:209,1
DA:210,1
DA:212,0
DA:223,7
DA:224,7
DA:225,7
DA:226,7
DA:227,7
DA:229,6
DA:232,1
DA:244,0
DA:245,0
DA:246,0
DA:247,0
DA:249,0
DA:250,0
DA:252,0
DA:255,0
DA:259,8
LF:114
LH:89
BRDA:18,0,0,0
BRDA:18,0,1,1
BRDA:21,1,0,1
BRDA:21,1,1,0
BRDA:35,2,0,0
BRDA:35,2,1,0
BRDA:69,3,0,0
BRDA:69,3,1,11
BRDA:69,4,0,11
BRDA:69,4,1,11
BRDA:85,5,0,0
BRDA:85,5,1,3
BRDA:90,6,0,0
BRDA:90,6,1,1
BRDA:99,7,0,0
BRDA:99,7,1,3
BRDA:119,8,0,1
BRDA:119,8,1,3
BRDA:119,9,0,4
BRDA:119,9,1,3
BRDA:160,10,0,1
BRDA:160,10,1,8
BRDA:161,11,0,0
BRDA:161,11,1,8
BRDA:165,12,0,0
BRDA:165,12,1,8
BRDA:170,13,0,9
BRDA:170,13,1,0
BRDA:182,14,0,0
BRDA:182,14,1,3
BRDA:187,15,0,1
BRDA:187,15,1,2
BRDA:190,16,0,0
BRDA:190,16,1,3
BRDA:190,17,0,3
BRDA:190,17,1,3
BRF:36
BRH:23
end_of_record
TN:
SF:src/egg-repl.js
FN:2,(anonymous_0)
FN:29,eggRepl
FN:39,(anonymous_2)
FN:64,(anonymous_3)
FN:86,completer
FN:88,(anonymous_5)
FN:90,(anonymous_6)
FNF:7
FNH:0
FNDA:0,(anonymous_0)
FNDA:0,eggRepl
FNDA:0,(anonymous_2)
FNDA:0,(anonymous_3)
FNDA:0,completer
FNDA:0,(anonymous_5)
FNDA:0,(anonymous_6)
DA:1,7
DA:2,7
DA:3,7
DA:4,7
DA:5,7
DA:6,7
DA:7,7
DA:8,7
DA:9,7
DA:10,7
DA:11,7
DA:12,7
DA:13,7
DA:16,7
DA:17,7
DA:18,7
DA:30,0
DA:31,0
DA:32,0
DA:33,0
DA:34,0
DA:35,0
DA:36,0
DA:39,0
DA:40,0
DA:42,0
DA:43,0
DA:45,0
DA:46,0
DA:47,0
DA:48,0
DA:51,0
DA:53,0
DA:54,0
DA:56,0
DA:57,0
DA:61,0
DA:64,0
DA:65,0
DA:66,0
DA:67,0
DA:68,0
DA:69,0
DA:73,0
DA:74,0
DA:77,0
DA:87,0
DA:88,0
DA:89,0
DA:90,0
DA:91,0
DA:95,7
LF:52
LH:17
BRDA:45,0,0,0
BRDA:45,0,1,0
BRDA:45,1,0,0
BRDA:45,1,1,0
BRDA:88,2,0,0
BRDA:88,2,1,0
BRF:6
BRH:0
end_of_record
TN:
SF:src/extensions.js
FN:7,(anonymous_0)
FN:22,(anonymous_1)
FN:27,(anonymous_2)
FN:27,(anonymous_3)
FNF:4
FNH:0
FNDA:0,(anonymous_0)
FNDA:0,(anonymous_1)
FNDA:0,(anonymous_2)
FNDA:0,(anonymous_3)
DA:1,7
DA:2,7
DA:7,7
DA:8,0
DA:9,0
DA:12,7
DA:22,7
DA:23,0
DA:24,0
DA:27,0
DA:28,0
DA:32,7
DA:33,7
DA:35,7
LF:14
LH:8
BRDA:27,0,0,0
BRDA:27,0,1,0
BRF:2
BRH:0
end_of_record
TN:
SF:src/j2a.js
FN:5,(anonymous_0)
FN:6,(anonymous_1)
FN:7,(anonymous_2)
FN:15,json2AST
FN:20,(anonymous_4)
FNF:5
FNH:4
FNDA:24,(anonymous_0)
FNDA:81,(anonymous_1)
FNDA:0,(anonymous_2)
FNDA:156,json2AST
FNDA:97,(anonymous_4)
DA:1,8
DA:4,8
DA:5,24
DA:6,81
DA:7,8
DA:16,156
DA:17,51
DA:20,97
DA:24,105
DA:27,8
LF:10
LH:10
BRDA:16,0,0,51
BRDA:16,0,1,105
BRF:2
BRH:2
end_of_record
TN:
SF:src/registry.js
FNF:0
FNH:0
DA:1,8
DA:2,8
DA:4,8
LF:3
LH:3
BRF:0
BRH:0
end_of_record
