TN:
SF:index.js
FN:20,(anonymous_0)
FNF:1
FNH:1
FNDA:8,(anonymous_0)
DA:9,1
DA:10,1
DA:11,1
DA:20,1
DA:21,8
DA:22,8
DA:23,8
DA:24,8
DA:25,8
DA:26,6
DA:27,6
DA:30,2
DA:32,6
DA:35,1
LF:14
LH:14
BRF:0
BRH:0
end_of_record
TN:
SF:src/build-ast.js
FN:12,buildApply
FN:26,buildWord
FN:42,buildValue
FNF:3
FNH:3
FNDA:119,buildApply
FNDA:119,buildWord
FNDA:19,buildValue
DA:13,119
DA:14,44
DA:27,119
DA:43,19
DA:50,1
LF:5
LH:5
BRDA:13,0,0,75
BRDA:13,0,1,44
BRF:2
BRH:2
end_of_record
TN:
SF:src/grammar.js
FN:3,(anonymous_0)
FN:4,id
FN:11,(anonymous_2)
FN:12,(anonymous_3)
FN:13,(anonymous_4)
FN:14,(anonymous_5)
FN:15,(anonymous_6)
FN:16,(anonymous_7)
FN:18,(anonymous_8)
FN:19,arrpush
FN:20,(anonymous_10)
FNF:11
FNH:9
FNDA:1,(anonymous_0)
FNDA:0,id
FNDA:0,(anonymous_2)
FNDA:19,(anonymous_3)
FNDA:119,(anonymous_4)
FNDA:75,(anonymous_5)
FNDA:44,(anonymous_6)
FNDA:44,(anonymous_7)
FNDA:70,(anonymous_8)
FNDA:70,arrpush
FNDA:125,(anonymous_10)
DA:3,1
DA:4,0
DA:6,1
DA:7,1
DA:8,1
DA:11,0
DA:12,19
DA:13,119
DA:14,75
DA:15,44
DA:16,44
DA:18,70
DA:19,70
DA:20,125
DA:24,1
DA:25,1
DA:27,0
LF:17
LH:14
BRDA:11,0,0,1
BRDA:11,0,1,0
BRDA:12,1,0,1
BRDA:12,1,1,0
BRDA:13,2,0,1
BRDA:13,2,1,0
BRDA:24,3,0,1
BRDA:24,3,1,0
BRDA:24,4,0,1
BRDA:24,4,1,1
BRF:10
BRH:6
end_of_record
TN:
SF:src/lex.js
FN:9,(anonymous_0)
FNF:1
FNH:1
FNDA:19,(anonymous_0)
DA:1,1
DA:4,1
DA:9,19
DA:17,1
DA:19,1
LF:5
LH:5
BRF:0
BRH:0
end_of_record
TN:
SF:src/utils.js
FN:9,(anonymous_0)
FN:10,(anonymous_1)
FN:11,(anonymous_2)
FN:12,(anonymous_3)
FN:13,(anonymous_4)
FNF:5
FNH:1
FNDA:1,(anonymous_0)
FNDA:0,(anonymous_1)
FNDA:0,(anonymous_2)
FNDA:0,(anonymous_3)
FNDA:0,(anonymous_4)
DA:1,1
DA:4,1
DA:6,1
DA:7,1
DA:9,1
DA:10,1
DA:11,1
DA:12,1
DA:13,1
DA:15,1
LF:10
LH:10
BRDA:10,0,0,0
BRDA:10,0,1,0
BRDA:11,1,0,0
BRDA:11,1,1,0
BRF:4
BRH:0
end_of_record
