TN:
SF:bin/egg.js
FNF:0
FNH:0
DA:2,45
DA:3,45
DA:4,45
DA:6,45
DA:7,45
DA:8,45
DA:10,0
LF:7
LH:6
BRDA:7,0,0,45
BRDA:7,0,1,0
BRDA:7,1,0,45
BRDA:7,1,1,45
BRF:4
BRH:3
end_of_record
TN:
SF:lib/ast.js
FN:2,(anonymous_0)
FN:7,(anonymous_1)
FN:11,(anonymous_2)
FN:15,(anonymous_3)
FN:19,(anonymous_4)
FN:25,(anonymous_5)
FN:30,(anonymous_6)
FN:38,(anonymous_7)
FN:42,(anonymous_8)
FN:56,(anonymous_9)
FN:62,(anonymous_10)
FN:69,(anonymous_11)
FN:81,(anonymous_12)
FN:92,(anonymous_13)
FN:98,(anonymous_14)
FN:107,(anonymous_15)
FN:114,(anonymous_16)
FN:124,(anonymous_17)
FN:130,(anonymous_18)
FN:134,(anonymous_19)
FNF:20
FNH:16
FNDA:0,(anonymous_0)
FNDA:411,(anonymous_1)
FNDA:374,(anonymous_2)
FNDA:0,(anonymous_3)
FNDA:31,(anonymous_4)
FNDA:633,(anonymous_5)
FNDA:388,(anonymous_6)
FNDA:0,(anonymous_7)
FNDA:3,(anonymous_8)
FNDA:463,(anonymous_9)
FNDA:428,(anonymous_10)
FNDA:355,(anonymous_11)
FNDA:0,(anonymous_12)
FNDA:147,(anonymous_13)
FNDA:121,(anonymous_14)
FNDA:119,(anonymous_15)
FNDA:112,(anonymous_16)
FNDA:6,(anonymous_17)
FNDA:28,(anonymous_18)
FNDA:30,(anonymous_19)
DA:1,46
DA:2,46
DA:4,46
DA:8,411
DA:9,411
DA:12,374
DA:16,0
DA:20,31
DA:26,633
DA:27,633
DA:31,388
DA:32,388
DA:34,0
DA:39,0
DA:44,3
DA:45,6
DA:46,3
DA:49,0
DA:57,463
DA:58,463
DA:59,463
DA:63,428
DA:64,176
DA:67,252
DA:68,252
DA:69,355
DA:71,251
DA:72,251
DA:76,1
DA:82,0
DA:83,0
DA:84,0
DA:86,0
DA:93,147
DA:94,147
DA:95,147
DA:99,121
DA:101,4
DA:102,4
DA:103,4
DA:106,117
DA:107,119
DA:108,117
DA:110,117
DA:113,110
DA:114,110
DA:115,112
DA:116,112
DA:117,112
DA:118,112
DA:119,51
DA:121,110
DA:122,7
DA:124,6
DA:126,1
DA:131,28
DA:132,28
DA:133,0
DA:134,30
DA:135,28
DA:139,46
LF:61
LH:52
BRDA:26,0,0,633
BRDA:26,0,1,0
BRDA:31,1,0,388
BRDA:31,1,1,0
BRDA:45,2,0,3
BRDA:45,2,1,3
BRDA:63,3,0,176
BRDA:63,3,1,252
BRDA:63,4,0,428
BRDA:63,4,1,379
BRDA:71,5,0,251
BRDA:71,5,1,0
BRDA:83,6,0,0
BRDA:83,6,1,0
BRDA:83,7,0,0
BRDA:83,7,1,0
BRDA:99,8,0,4
BRDA:99,8,1,117
BRDA:99,9,0,121
BRDA:99,9,1,94
BRDA:110,10,0,110
BRDA:110,10,1,7
BRDA:110,11,0,117
BRDA:110,11,1,18
BRDA:118,12,0,51
BRDA:118,12,1,61
BRDA:122,13,0,6
BRDA:122,13,1,1
BRDA:132,14,0,0
BRDA:132,14,1,28
BRF:30
BRH:22
end_of_record
TN:
SF:lib/egg-repl.js
FN:3,(anonymous_0)
FN:27,eggRepl
FN:36,(anonymous_2)
FN:60,(anonymous_3)
FN:86,completer
FN:88,(anonymous_5)
FN:91,(anonymous_6)
FNF:7
FNH:0
FNDA:0,(anonymous_0)
FNDA:0,eggRepl
FNDA:0,(anonymous_2)
FNDA:0,(anonymous_3)
FNDA:0,completer
FNDA:0,(anonymous_5)
FNDA:0,(anonymous_6)
DA:1,45
DA:2,45
DA:3,45
DA:4,45
DA:5,45
DA:6,45
DA:7,45
DA:8,45
DA:9,45
DA:10,45
DA:11,45
DA:12,45
DA:16,45
DA:17,45
DA:18,45
DA:19,45
DA:20,45
DA:22,45
DA:28,0
DA:29,0
DA:30,0
DA:32,0
DA:33,0
DA:34,0
DA:36,0
DA:37,0
DA:40,0
DA:41,0
DA:43,0
DA:44,0
DA:45,0
DA:47,0
DA:49,0
DA:51,0
DA:52,0
DA:54,0
DA:55,0
DA:58,0
DA:60,0
DA:61,0
DA:62,0
DA:63,0
DA:64,0
DA:65,0
DA:66,0
DA:72,0
DA:73,0
DA:76,0
DA:87,0
DA:88,0
DA:90,0
DA:91,0
DA:92,0
DA:96,45
LF:54
LH:19
BRDA:43,0,0,0
BRDA:43,0,1,0
BRDA:43,1,0,0
BRDA:43,1,1,0
BRDA:88,2,0,0
BRDA:88,2,1,0
BRF:6
BRH:0
end_of_record
TN:
SF:lib/egg-require.js
FN:2,(anonymous_0)
FN:4,(anonymous_1)
FN:13,REQUIRE
FNF:3
FNH:2
FNDA:1,(anonymous_0)
FNDA:0,(anonymous_1)
FNDA:2,REQUIRE
DA:1,46
DA:2,46
DA:3,46
DA:4,46
DA:5,46
DA:7,46
DA:8,46
DA:9,46
DA:10,46
DA:14,2
DA:15,2
DA:17,1
DA:18,1
DA:19,1
DA:20,1
DA:21,1
DA:22,1
DA:25,46
DA:27,46
DA:29,46
LF:20
LH:20
BRDA:15,0,0,1
BRDA:15,0,1,1
BRF:2
BRH:2
end_of_record
TN:
SF:lib/eggvm.js
FN:2,(anonymous_0)
FN:18,evaluate
FN:22,(anonymous_2)
FN:34,(anonymous_3)
FN:46,(anonymous_4)
FN:49,(anonymous_5)
FN:56,(anonymous_6)
FN:66,(anonymous_7)
FN:71,name
FN:82,(anonymous_9)
FN:106,(anonymous_10)
FN:128,(anonymous_11)
FN:148,(anonymous_12)
FN:171,(anonymous_13)
FN:187,(anonymous_14)
FN:198,(anonymous_15)
FN:202,(anonymous_16)
FN:203,(anonymous_17)
FN:217,(anonymous_18)
FN:221,(anonymous_19)
FN:225,(anonymous_20)
FN:234,(anonymous_21)
FN:252,run
FN:267,runFromFile
FN:282,runFromEVM
FNF:25
FNH:19
FNDA:0,(anonymous_0)
FNDA:0,evaluate
FNDA:1,(anonymous_2)
FNDA:0,(anonymous_3)
FNDA:48,(anonymous_4)
FNDA:203,(anonymous_5)
FNDA:52,(anonymous_6)
FNDA:29,(anonymous_7)
FNDA:12,name
FNDA:38,(anonymous_9)
FNDA:32,(anonymous_10)
FNDA:8,(anonymous_11)
FNDA:4,(anonymous_12)
FNDA:0,(anonymous_13)
FNDA:230,(anonymous_14)
FNDA:230,(anonymous_15)
FNDA:123,(anonymous_16)
FNDA:123,(anonymous_17)
FNDA:22,(anonymous_18)
FNDA:0,(anonymous_19)
FNDA:13,(anonymous_20)
FNDA:20,(anonymous_21)
FNDA:4,run
FNDA:45,runFromFile
FNDA:0,runFromEVM
DA:1,46
DA:2,46
DA:3,46
DA:5,46
DA:7,46
DA:8,46
DA:10,46
DA:12,46
DA:13,46
DA:15,46
DA:19,0
DA:22,46
DA:23,1
DA:24,0
DA:27,1
DA:28,1
DA:30,0
DA:34,46
DA:35,0
DA:36,0
DA:39,0
DA:40,0
DA:43,0
DA:46,46
DA:49,48
DA:50,203
DA:53,46
DA:56,46
DA:57,52
DA:58,0
DA:61,52
DA:62,52
DA:63,52
DA:66,46
DA:67,29
DA:68,0
DA:72,12
DA:73,0
DA:76,12
DA:79,29
DA:80,29
DA:82,29
DA:83,38
DA:84,0
DA:87,38
DA:88,38
DA:89,15
DA:92,38
DA:94,29
DA:95,29
DA:103,29
DA:106,46
DA:107,32
DA:108,1
DA:111,31
DA:112,31
DA:114,31
DA:115,31
DA:117,31
DA:118,31
DA:119,2
DA:120,2
DA:122,31
DA:123,31
DA:125,31
DA:128,46
DA:129,8
DA:130,0
DA:133,8
DA:134,8
DA:135,8
DA:139,8
DA:140,31
DA:141,31
DA:142,31
DA:145,8
DA:148,46
DA:149,4
DA:150,0
DA:152,4
DA:153,4
DA:156,46
DA:157,46
DA:158,46
DA:159,46
DA:160,46
DA:161,46
DA:162,46
DA:163,46
DA:164,46
DA:165,46
DA:166,46
DA:167,46
DA:168,46
DA:171,46
DA:172,46
DA:175,46
DA:178,46
DA:181,46
DA:188,230
DA:192,46
DA:199,230
DA:202,46
DA:203,123
DA:204,123
DA:205,114
DA:206,6
DA:207,6
DA:209,108
DA:210,108
DA:213,123
DA:214,123
DA:217,46
DA:218,22
DA:221,46
DA:222,0
DA:225,46
DA:226,13
DA:227,13
DA:228,13
DA:229,21
DA:231,13
DA:234,46
DA:235,20
DA:236,20
DA:237,20
DA:238,22
DA:239,22
DA:241,20
DA:242,0
DA:244,20
DA:247,0
DA:253,4
DA:254,4
DA:255,4
DA:256,4
DA:257,4
DA:259,4
DA:263,0
DA:268,45
DA:269,45
DA:270,40
DA:271,40
DA:272,40
DA:274,38
DA:277,7
DA:283,0
DA:284,0
DA:285,0
DA:286,0
DA:287,0
DA:288,0
DA:291,0
DA:295,46
LF:154
LH:129
BRDA:23,0,0,0
BRDA:23,0,1,1
BRDA:27,1,0,1
BRDA:27,1,1,0
BRDA:35,2,0,0
BRDA:35,2,1,0
BRDA:57,3,0,0
BRDA:57,3,1,52
BRDA:57,4,0,52
BRDA:57,4,1,52
BRDA:67,5,0,0
BRDA:67,5,1,29
BRDA:72,6,0,0
BRDA:72,6,1,12
BRDA:83,7,0,0
BRDA:83,7,1,38
BRDA:107,8,0,1
BRDA:107,8,1,31
BRDA:129,9,0,0
BRDA:129,9,1,8
BRDA:140,10,0,31
BRDA:140,10,1,0
BRDA:149,11,0,0
BRDA:149,11,1,4
BRDA:204,12,0,9
BRDA:204,12,1,114
BRDA:205,13,0,6
BRDA:205,13,1,108
BRDA:209,14,0,0
BRDA:209,14,1,108
BRDA:214,15,0,123
BRDA:214,15,1,0
BRDA:226,16,0,0
BRDA:226,16,1,13
BRDA:238,17,0,0
BRDA:238,17,1,22
BRDA:241,18,0,0
BRDA:241,18,1,20
BRDA:241,19,0,20
BRDA:241,19,1,20
BRF:40
BRH:24
end_of_record
TN:
SF:lib/extensions.js
FN:4,(anonymous_0)
FN:16,(anonymous_1)
FN:21,(anonymous_2)
FN:21,(anonymous_3)
FNF:4
FNH:0
FNDA:0,(anonymous_0)
FNDA:0,(anonymous_1)
FNDA:0,(anonymous_2)
FNDA:0,(anonymous_3)
DA:1,45
DA:2,45
DA:4,45
DA:5,0
DA:6,0
DA:9,45
DA:16,45
DA:17,0
DA:18,0
DA:20,0
DA:21,0
DA:22,0
DA:25,45
DA:26,45
DA:28,45
LF:15
LH:8
BRDA:21,0,0,0
BRDA:21,0,1,0
BRF:2
BRH:0
end_of_record
TN:
SF:lib/j2a.js
FN:4,(anonymous_0)
FN:12,(anonymous_1)
FN:13,(anonymous_2)
FN:17,(anonymous_3)
FN:21,(anonymous_4)
FNF:5
FNH:5
FNDA:411,(anonymous_0)
FNDA:633,(anonymous_1)
FNDA:430,(anonymous_2)
FNDA:847,(anonymous_3)
FNDA:147,(anonymous_4)
DA:1,46
DA:2,46
DA:4,46
DA:5,411
DA:6,411
DA:7,0
DA:9,411
DA:12,633
DA:13,46
DA:14,430
DA:17,847
DA:21,46
DA:22,147
DA:27,147
DA:28,147
DA:31,46
LF:16
LH:15
BRDA:6,0,0,0
BRDA:6,0,1,411
BRF:2
BRH:1
end_of_record
TN:
SF:lib/monkey-patch.js
FN:4,(anonymous_0)
FN:5,(anonymous_1)
FN:6,(anonymous_2)
FN:7,(anonymous_3)
FN:10,(anonymous_4)
FN:11,(anonymous_5)
FNF:6
FNH:6
FNDA:9,(anonymous_0)
FNDA:8,(anonymous_1)
FNDA:7,(anonymous_2)
FNDA:12,(anonymous_3)
FNDA:184,(anonymous_4)
FNDA:9,(anonymous_5)
DA:1,46
DA:3,46
DA:4,9
DA:5,8
DA:6,7
DA:7,12
DA:10,46
DA:11,184
DA:12,9
DA:13,9
DA:14,9
DA:15,36
DA:17,9
DA:19,0
LF:14
LH:13
BRF:0
BRH:0
end_of_record
TN:
SF:lib/registry.js
FN:2,(anonymous_0)
FN:10,json2AST
FN:14,checkNegativeIndex
FNF:3
FNH:2
FNDA:0,(anonymous_0)
FNDA:1621,json2AST
FNDA:262,checkNegativeIndex
DA:1,46
DA:2,46
DA:4,46
DA:5,46
DA:8,46
DA:11,1621
DA:15,262
DA:16,1
DA:18,262
DA:21,46
LF:10
LH:10
BRDA:15,0,0,1
BRDA:15,0,1,261
BRDA:15,1,0,262
BRDA:15,1,1,39
BRF:4
BRH:4
end_of_record
